GYFM3.exe Information: 0 : Version: 3.2.0.0
There is an error in XML document (0, 0).
GYFM3.exe Warning: 0 : Persistence failed: Unknown file type.
SyncControlsToFontDetails-IN
UpdateWindow-IN
Void InvokeHandler(System.Delegate, System.Object),Void UpdateWindow(),DrawToBitmap(Arial,Regular,72,<~>,~,500,1000,1,1,1,1)
UpdateWindow-OUT
SyncControlsToFontDetails-OUT
SyncFontDetailsToControls-IN
SyncFontDetailsToControls-OUT
SyncControlsToFontDetails-IN
SyncControlsToFontDetails-OUT
UpdateWindow-IN
Void buttonFont(System.Object, System.Windows.RoutedEventArgs),Void UpdateWindow(),DrawToBitmap(Comic Sans MS,Negreta,72,<~>,~,500,1000,1,1,1,1)
UpdateWindow-OUT
Void InvokeHandlersImpl(System.Object, System.Windows.RoutedEventArgs, Boolean),Void OnSaveFile(System.Object, System.Windows.RoutedEventArgs),DrawToBitmap(Comic Sans MS,Negreta,72,<~>,~,0,0,1,1,1,1)
SyncFontDetailsToControls-IN
SyncFontDetailsToControls-OUT
SyncControlsToFontDetails-IN
SyncControlsToFontDetails-OUT
UpdateWindow-IN
Void buttonFont(System.Object, System.Windows.RoutedEventArgs),Void UpdateWindow(),DrawToBitmap(Comic Sans MS,Negreta,72,<~>,~,500,1000,1,1,1,1)
UpdateWindow-OUT
Void InvokeHandlersImpl(System.Object, System.Windows.RoutedEventArgs, Boolean),Void OnSaveFile(System.Object, System.Windows.RoutedEventArgs),DrawToBitmap(Comic Sans MS,Negreta,72,<~>,~,0,0,1,1,1,1)
